<?xml version="1.0" encoding="UTF-8"?>
<coverage generated="1548849855641" clover="3.2.0">
  <project timestamp="1548849855641" name="All files">
    <metrics statements="116" coveredstatements="108" conditionals="76" coveredconditionals="69" methods="25" coveredmethods="24" elements="217" coveredelements="201" complexity="0" loc="116" ncloc="116" packages="3" files="3" classes="3">
      <package name="winston-loki">
        <metrics statements="11" coveredstatements="11" conditionals="8" coveredconditionals="6" methods="3" coveredmethods="3"/>
        <file name="index.js" path="/home/jani/dev/devops/winston-loki/index.js">
          <metrics statements="11" coveredstatements="11" conditionals="8" coveredconditionals="6" methods="3" coveredmethods="3"/>
          <line num="1" count="1" type="stmt"/>
          <line num="2" count="1" type="stmt"/>
          <line num="4" count="1" type="stmt"/>
          <line num="6" count="8" type="stmt"/>
          <line num="7" count="8" type="stmt"/>
          <line num="19" count="7" type="stmt"/>
          <line num="20" count="1" type="stmt"/>
          <line num="23" count="7" type="stmt"/>
          <line num="24" count="7" type="stmt"/>
          <line num="36" count="7" type="stmt"/>
          <line num="38" count="7" type="stmt"/>
        </file>
      </package>
      <package name="winston-loki.src">
        <metrics statements="64" coveredstatements="64" conditionals="38" coveredconditionals="37" methods="12" coveredmethods="12"/>
        <file name="batcher.js" path="/home/jani/dev/devops/winston-loki/src/batcher.js">
          <metrics statements="64" coveredstatements="64" conditionals="38" coveredconditionals="37" methods="12" coveredmethods="12"/>
          <line num="1" count="3" type="stmt"/>
          <line num="2" count="3" type="stmt"/>
          <line num="3" count="3" type="stmt"/>
          <line num="4" count="3" type="stmt"/>
          <line num="5" count="3" type="stmt"/>
          <line num="7" count="3" type="stmt"/>
          <line num="9" count="38" type="stmt"/>
          <line num="10" count="38" type="stmt"/>
          <line num="11" count="38" type="cond" truecount="2" falsecount="0"/>
          <line num="14" count="38" type="stmt"/>
          <line num="15" count="38" type="stmt"/>
          <line num="18" count="38" type="stmt"/>
          <line num="19" count="38" type="cond" truecount="2" falsecount="0"/>
          <line num="20" count="28" type="stmt"/>
          <line num="22" count="38" type="cond" truecount="2" falsecount="0"/>
          <line num="26" count="13" type="stmt"/>
          <line num="27" count="13" type="stmt"/>
          <line num="32" count="36" type="cond" truecount="2" falsecount="0"/>
          <line num="33" count="1" type="stmt"/>
          <line num="36" count="36" type="cond" truecount="2" falsecount="0"/>
          <line num="40" count="4" type="cond" truecount="2" falsecount="0"/>
          <line num="41" count="2" type="stmt"/>
          <line num="43" count="4" type="stmt"/>
          <line num="45" count="32" type="cond" truecount="2" falsecount="0"/>
          <line num="46" count="22" type="stmt"/>
          <line num="48" count="10" type="stmt"/>
          <line num="50" count="10" type="stmt"/>
          <line num="52" count="10" type="stmt"/>
          <line num="53" count="4" type="stmt"/>
          <line num="56" count="10" type="cond" truecount="2" falsecount="0"/>
          <line num="57" count="3" type="stmt"/>
          <line num="58" count="3" type="stmt"/>
          <line num="61" count="7" type="stmt"/>
          <line num="68" count="28" type="stmt"/>
          <line num="73" count="19" type="cond" truecount="2" falsecount="0"/>
          <line num="75" count="19" type="stmt"/>
          <line num="76" count="19" type="cond" truecount="4" falsecount="0"/>
          <line num="77" count="9" type="stmt"/>
          <line num="80" count="10" type="cond" truecount="2" falsecount="0"/>
          <line num="81" count="7" type="cond" truecount="2" falsecount="0"/>
          <line num="82" count="1" type="stmt"/>
          <line num="84" count="6" type="stmt"/>
          <line num="87" count="3" type="stmt"/>
          <line num="89" count="3" type="cond" truecount="2" falsecount="0"/>
          <line num="90" count="1" type="stmt"/>
          <line num="92" count="2" type="stmt"/>
          <line num="94" count="2" type="stmt"/>
          <line num="95" count="2" type="cond" truecount="1" falsecount="1"/>
          <line num="96" count="2" type="stmt"/>
          <line num="97" count="2" type="stmt"/>
          <line num="98" count="2" type="stmt"/>
          <line num="100" count="1" type="stmt"/>
          <line num="103" count="10" type="stmt"/>
          <line num="111" count="5" type="cond" truecount="2" falsecount="0"/>
          <line num="112" count="5" type="stmt"/>
          <line num="115" count="3" type="cond" truecount="2" falsecount="0"/>
          <line num="116" count="3" type="stmt"/>
          <line num="123" count="9" type="stmt"/>
          <line num="124" count="11" type="stmt"/>
          <line num="125" count="11" type="stmt"/>
          <line num="126" count="10" type="cond" truecount="2" falsecount="0"/>
          <line num="127" count="1" type="stmt"/>
          <line num="130" count="1" type="stmt"/>
          <line num="132" count="11" type="stmt"/>
        </file>
      </package>
      <package name="winston-loki.src.proto">
        <metrics statements="41" coveredstatements="33" conditionals="30" coveredconditionals="26" methods="10" coveredmethods="9"/>
        <file name="helpers.js" path="/home/jani/dev/devops/winston-loki/src/proto/helpers.js">
          <metrics statements="41" coveredstatements="33" conditionals="30" coveredconditionals="26" methods="10" coveredmethods="9"/>
          <line num="1" count="3" type="stmt"/>
          <line num="3" count="3" type="stmt"/>
          <line num="5" count="14" type="cond" truecount="5" falsecount="0"/>
          <line num="6" count="13" type="stmt"/>
          <line num="7" count="13" type="stmt"/>
          <line num="8" count="13" type="stmt"/>
          <line num="17" count="14" type="stmt"/>
          <line num="22" count="4" type="cond" truecount="2" falsecount="0"/>
          <line num="26" count="3" type="cond" truecount="2" falsecount="0"/>
          <line num="29" count="2" type="stmt"/>
          <line num="34" count="2" type="stmt"/>
          <line num="35" count="2" type="cond" truecount="1" falsecount="1"/>
          <line num="36" count="0" type="stmt"/>
          <line num="37" count="0" type="stmt"/>
          <line num="38" count="0" type="stmt"/>
          <line num="42" count="0" type="stmt"/>
          <line num="46" count="2" type="stmt"/>
          <line num="48" count="1" type="cond" truecount="2" falsecount="0"/>
          <line num="53" count="2" type="stmt"/>
          <line num="54" count="3" type="stmt"/>
          <line num="56" count="3" type="cond" truecount="4" falsecount="0"/>
          <line num="57" count="1" type="cond" truecount="1" falsecount="1"/>
          <line num="58" count="0" type="stmt"/>
          <line num="59" count="0" type="stmt"/>
          <line num="61" count="1" type="stmt"/>
          <line num="63" count="2" type="cond" truecount="2" falsecount="2"/>
          <line num="64" count="0" type="stmt"/>
          <line num="65" count="0" type="stmt"/>
          <line num="68" count="3" type="stmt"/>
          <line num="70" count="3" type="stmt"/>
          <line num="73" count="2" type="stmt"/>
          <line num="76" count="2" type="stmt"/>
          <line num="78" count="2" type="stmt"/>
          <line num="79" count="1" type="stmt"/>
          <line num="82" count="2" type="stmt"/>
          <line num="83" count="3" type="cond" truecount="4" falsecount="0"/>
          <line num="84" count="2" type="stmt"/>
          <line num="86" count="1" type="stmt"/>
          <line num="87" count="1" type="stmt"/>
          <line num="89" count="2" type="stmt"/>
          <line num="92" count="3" type="stmt"/>
        </file>
      </package>
    </metrics>
  </project>
</coverage>
