{"/home/jani/dev/devops/winston-loki/index.js": {"path":"/home/jani/dev/devops/winston-loki/index.js","statementMap":{"0":{"start":{"line":1,"column":18},"end":{"line":1,"column":46}},"1":{"start":{"line":2,"column":16},"end":{"line":2,"column":40}},"2":{"start":{"line":4,"column":0},"end":{"line":39,"column":1}},"3":{"start":{"line":6,"column":4},"end":{"line":6,"column":18}},"4":{"start":{"line":7,"column":4},"end":{"line":14,"column":6}},"5":{"start":{"line":18,"column":4},"end":{"line":20,"column":6}},"6":{"start":{"line":19,"column":6},"end":{"line":19,"column":31}},"7":{"start":{"line":22,"column":58},"end":{"line":22,"column":62}},"8":{"start":{"line":23,"column":21},"end":{"line":33,"column":5}},"9":{"start":{"line":35,"column":4},"end":{"line":35,"column":39}},"10":{"start":{"line":37,"column":4},"end":{"line":37,"column":14}}},"fnMap":{"0":{"name":"(anonymous_0)","decl":{"start":{"line":5,"column":2},"end":{"line":5,"column":3}},"loc":{"start":{"line":5,"column":24},"end":{"line":15,"column":3}},"line":5},"1":{"name":"(anonymous_1)","decl":{"start":{"line":17,"column":2},"end":{"line":17,"column":3}},"loc":{"start":{"line":17,"column":23},"end":{"line":38,"column":3}},"line":17},"2":{"name":"(anonymous_2)","decl":{"start":{"line":18,"column":17},"end":{"line":18,"column":18}},"loc":{"start":{"line":18,"column":23},"end":{"line":20,"column":5}},"line":18}},"branchMap":{"0":{"loc":{"start":{"line":29,"column":12},"end":{"line":29,"column":76}},"type":"cond-expr","locations":[{"start":{"line":29,"column":51},"end":{"line":29,"column":71}},{"start":{"line":29,"column":74},"end":{"line":29,"column":76}}],"line":29},"1":{"loc":{"start":{"line":29,"column":12},"end":{"line":29,"column":48}},"type":"binary-expr","locations":[{"start":{"line":29,"column":12},"end":{"line":29,"column":16}},{"start":{"line":29,"column":20},"end":{"line":29,"column":48}}],"line":29}},"s":{"0":1,"1":1,"2":1,"3":8,"4":8,"5":7,"6":1,"7":7,"8":7,"9":7,"10":7},"f":{"0":8,"1":7,"2":1},"b":{"0":[1,6],"1":[7,7]},"_coverageSchema":"332fd63041d2c1bcb487cc26dd0d5f7d97098a6c","hash":"d536f48a84ea31f771b877ee2c1cde329ea0ad1b"}
,"/home/jani/dev/devops/winston-loki/src/batcher.js": {"path":"/home/jani/dev/devops/winston-loki/src/batcher.js","statementMap":{"0":{"start":{"line":1,"column":12},"end":{"line":1,"column":26}},"1":{"start":{"line":2,"column":12},"end":{"line":2,"column":26}},"2":{"start":{"line":3,"column":21},"end":{"line":3,"column":39}},"3":{"start":{"line":4,"column":15},"end":{"line":4,"column":32}},"4":{"start":{"line":5,"column":21},"end":{"line":5,"column":47}},"5":{"start":{"line":7,"column":0},"end":{"line":132,"column":1}},"6":{"start":{"line":9,"column":4},"end":{"line":9,"column":26}},"7":{"start":{"line":10,"column":4},"end":{"line":10,"column":75}},"8":{"start":{"line":11,"column":4},"end":{"line":13,"column":12}},"9":{"start":{"line":14,"column":4},"end":{"line":14,"column":39}},"10":{"start":{"line":15,"column":4},"end":{"line":17,"column":5}},"11":{"start":{"line":18,"column":4},"end":{"line":18,"column":47}},"12":{"start":{"line":19,"column":4},"end":{"line":21,"column":5}},"13":{"start":{"line":20,"column":6},"end":{"line":20,"column":43}},"14":{"start":{"line":22,"column":4},"end":{"line":22,"column":39}},"15":{"start":{"line":26,"column":4},"end":{"line":28,"column":6}},"16":{"start":{"line":27,"column":6},"end":{"line":27,"column":35}},"17":{"start":{"line":32,"column":4},"end":{"line":34,"column":5}},"18":{"start":{"line":33,"column":6},"end":{"line":33,"column":41}},"19":{"start":{"line":36,"column":4},"end":{"line":64,"column":5}},"20":{"start":{"line":40,"column":6},"end":{"line":42,"column":7}},"21":{"start":{"line":41,"column":8},"end":{"line":41,"column":63}},"22":{"start":{"line":43,"column":6},"end":{"line":43,"column":36}},"23":{"start":{"line":45,"column":6},"end":{"line":63,"column":7}},"24":{"start":{"line":46,"column":8},"end":{"line":46,"column":41}},"25":{"start":{"line":48,"column":28},"end":{"line":48,"column":38}},"26":{"start":{"line":50,"column":8},"end":{"line":50,"column":63}},"27":{"start":{"line":52,"column":22},"end":{"line":54,"column":9}},"28":{"start":{"line":53,"column":20},"end":{"line":53,"column":53}},"29":{"start":{"line":56,"column":8},"end":{"line":62,"column":9}},"30":{"start":{"line":57,"column":10},"end":{"line":59,"column":12}},"31":{"start":{"line":58,"column":12},"end":{"line":58,"column":46}},"32":{"start":{"line":61,"column":10},"end":{"line":61,"column":32}},"33":{"start":{"line":68,"column":4},"end":{"line":68,"column":27}},"34":{"start":{"line":72,"column":4},"end":{"line":116,"column":6}},"35":{"start":{"line":73,"column":6},"end":{"line":115,"column":7}},"36":{"start":{"line":74,"column":8},"end":{"line":74,"column":17}},"37":{"start":{"line":77,"column":8},"end":{"line":99,"column":9}},"38":{"start":{"line":78,"column":10},"end":{"line":82,"column":11}},"39":{"start":{"line":79,"column":12},"end":{"line":79,"column":61}},"40":{"start":{"line":81,"column":12},"end":{"line":81,"column":48}},"41":{"start":{"line":84,"column":10},"end":{"line":98,"column":11}},"42":{"start":{"line":86,"column":12},"end":{"line":90,"column":13}},"43":{"start":{"line":87,"column":14},"end":{"line":87,"column":45}},"44":{"start":{"line":89,"column":14},"end":{"line":89,"column":56}},"45":{"start":{"line":91,"column":24},"end":{"line":91,"column":58}},"46":{"start":{"line":92,"column":12},"end":{"line":92,"column":32}},"47":{"start":{"line":92,"column":21},"end":{"line":92,"column":32}},"48":{"start":{"line":93,"column":28},"end":{"line":93,"column":62}},"49":{"start":{"line":94,"column":27},"end":{"line":94,"column":72}},"50":{"start":{"line":95,"column":12},"end":{"line":95,"column":49}},"51":{"start":{"line":97,"column":12},"end":{"line":97,"column":23}},"52":{"start":{"line":100,"column":8},"end":{"line":114,"column":12}},"53":{"start":{"line":108,"column":12},"end":{"line":108,"column":42}},"54":{"start":{"line":109,"column":12},"end":{"line":109,"column":21}},"55":{"start":{"line":112,"column":12},"end":{"line":112,"column":58}},"56":{"start":{"line":113,"column":12},"end":{"line":113,"column":23}},"57":{"start":{"line":120,"column":4},"end":{"line":130,"column":5}},"58":{"start":{"line":121,"column":6},"end":{"line":128,"column":7}},"59":{"start":{"line":122,"column":8},"end":{"line":122,"column":36}},"60":{"start":{"line":123,"column":8},"end":{"line":125,"column":9}},"61":{"start":{"line":124,"column":10},"end":{"line":124,"column":62}},"62":{"start":{"line":127,"column":8},"end":{"line":127,"column":51}},"63":{"start":{"line":129,"column":6},"end":{"line":129,"column":36}}},"fnMap":{"0":{"name":"(anonymous_0)","decl":{"start":{"line":8,"column":2},"end":{"line":8,"column":3}},"loc":{"start":{"line":8,"column":24},"end":{"line":23,"column":3}},"line":8},"1":{"name":"(anonymous_1)","decl":{"start":{"line":25,"column":2},"end":{"line":25,"column":3}},"loc":{"start":{"line":25,"column":18},"end":{"line":29,"column":3}},"line":25},"2":{"name":"(anonymous_2)","decl":{"start":{"line":26,"column":23},"end":{"line":26,"column":24}},"loc":{"start":{"line":26,"column":34},"end":{"line":28,"column":5}},"line":26},"3":{"name":"(anonymous_3)","decl":{"start":{"line":31,"column":2},"end":{"line":31,"column":3}},"loc":{"start":{"line":31,"column":26},"end":{"line":65,"column":3}},"line":31},"4":{"name":"(anonymous_4)","decl":{"start":{"line":53,"column":10},"end":{"line":53,"column":11}},"loc":{"start":{"line":53,"column":20},"end":{"line":53,"column":53}},"line":53},"5":{"name":"(anonymous_5)","decl":{"start":{"line":57,"column":35},"end":{"line":57,"column":36}},"loc":{"start":{"line":57,"column":44},"end":{"line":59,"column":11}},"line":57},"6":{"name":"(anonymous_6)","decl":{"start":{"line":67,"column":2},"end":{"line":67,"column":3}},"loc":{"start":{"line":67,"column":16},"end":{"line":69,"column":3}},"line":67},"7":{"name":"(anonymous_7)","decl":{"start":{"line":71,"column":2},"end":{"line":71,"column":3}},"loc":{"start":{"line":71,"column":29},"end":{"line":117,"column":3}},"line":71},"8":{"name":"(anonymous_8)","decl":{"start":{"line":72,"column":23},"end":{"line":72,"column":24}},"loc":{"start":{"line":72,"column":44},"end":{"line":116,"column":5}},"line":72},"9":{"name":"(anonymous_9)","decl":{"start":{"line":107,"column":16},"end":{"line":107,"column":17}},"loc":{"start":{"line":107,"column":23},"end":{"line":110,"column":11}},"line":107},"10":{"name":"(anonymous_10)","decl":{"start":{"line":111,"column":17},"end":{"line":111,"column":18}},"loc":{"start":{"line":111,"column":24},"end":{"line":114,"column":11}},"line":111},"11":{"name":"(anonymous_11)","decl":{"start":{"line":119,"column":2},"end":{"line":119,"column":3}},"loc":{"start":{"line":119,"column":15},"end":{"line":131,"column":3}},"line":119}},"branchMap":{"0":{"loc":{"start":{"line":11,"column":20},"end":{"line":13,"column":12}},"type":"cond-expr","locations":[{"start":{"line":12,"column":8},"end":{"line":12,"column":44}},{"start":{"line":13,"column":8},"end":{"line":13,"column":12}}],"line":11},"1":{"loc":{"start":{"line":19,"column":4},"end":{"line":21,"column":5}},"type":"if","locations":[{"start":{"line":19,"column":4},"end":{"line":21,"column":5}},{"start":{"line":19,"column":4},"end":{"line":21,"column":5}}],"line":19},"2":{"loc":{"start":{"line":22,"column":4},"end":{"line":22,"column":39}},"type":"binary-expr","locations":[{"start":{"line":22,"column":4},"end":{"line":22,"column":25}},{"start":{"line":22,"column":29},"end":{"line":22,"column":39}}],"line":22},"3":{"loc":{"start":{"line":32,"column":4},"end":{"line":34,"column":5}},"type":"if","locations":[{"start":{"line":32,"column":4},"end":{"line":34,"column":5}},{"start":{"line":32,"column":4},"end":{"line":34,"column":5}}],"line":32},"4":{"loc":{"start":{"line":36,"column":4},"end":{"line":64,"column":5}},"type":"if","locations":[{"start":{"line":36,"column":4},"end":{"line":64,"column":5}},{"start":{"line":36,"column":4},"end":{"line":64,"column":5}}],"line":36},"5":{"loc":{"start":{"line":37,"column":6},"end":{"line":38,"column":37}},"type":"binary-expr","locations":[{"start":{"line":37,"column":6},"end":{"line":37,"column":41}},{"start":{"line":38,"column":6},"end":{"line":38,"column":37}}],"line":37},"6":{"loc":{"start":{"line":40,"column":6},"end":{"line":42,"column":7}},"type":"if","locations":[{"start":{"line":40,"column":6},"end":{"line":42,"column":7}},{"start":{"line":40,"column":6},"end":{"line":42,"column":7}}],"line":40},"7":{"loc":{"start":{"line":45,"column":6},"end":{"line":63,"column":7}},"type":"if","locations":[{"start":{"line":45,"column":6},"end":{"line":63,"column":7}},{"start":{"line":45,"column":6},"end":{"line":63,"column":7}}],"line":45},"8":{"loc":{"start":{"line":56,"column":8},"end":{"line":62,"column":9}},"type":"if","locations":[{"start":{"line":56,"column":8},"end":{"line":62,"column":9}},{"start":{"line":56,"column":8},"end":{"line":62,"column":9}}],"line":56},"9":{"loc":{"start":{"line":73,"column":6},"end":{"line":115,"column":7}},"type":"if","locations":[{"start":{"line":73,"column":6},"end":{"line":115,"column":7}},{"start":{"line":73,"column":6},"end":{"line":115,"column":7}}],"line":73},"10":{"loc":{"start":{"line":73,"column":10},"end":{"line":73,"column":54}},"type":"binary-expr","locations":[{"start":{"line":73,"column":10},"end":{"line":73,"column":41}},{"start":{"line":73,"column":45},"end":{"line":73,"column":54}}],"line":73},"11":{"loc":{"start":{"line":77,"column":8},"end":{"line":99,"column":9}},"type":"if","locations":[{"start":{"line":77,"column":8},"end":{"line":99,"column":9}},{"start":{"line":77,"column":8},"end":{"line":99,"column":9}}],"line":77},"12":{"loc":{"start":{"line":78,"column":10},"end":{"line":82,"column":11}},"type":"if","locations":[{"start":{"line":78,"column":10},"end":{"line":82,"column":11}},{"start":{"line":78,"column":10},"end":{"line":82,"column":11}}],"line":78},"13":{"loc":{"start":{"line":86,"column":12},"end":{"line":90,"column":13}},"type":"if","locations":[{"start":{"line":86,"column":12},"end":{"line":90,"column":13}},{"start":{"line":86,"column":12},"end":{"line":90,"column":13}}],"line":86},"14":{"loc":{"start":{"line":92,"column":12},"end":{"line":92,"column":32}},"type":"if","locations":[{"start":{"line":92,"column":12},"end":{"line":92,"column":32}},{"start":{"line":92,"column":12},"end":{"line":92,"column":32}}],"line":92},"15":{"loc":{"start":{"line":108,"column":12},"end":{"line":108,"column":42}},"type":"binary-expr","locations":[{"start":{"line":108,"column":12},"end":{"line":108,"column":21}},{"start":{"line":108,"column":25},"end":{"line":108,"column":42}}],"line":108},"16":{"loc":{"start":{"line":112,"column":12},"end":{"line":112,"column":58}},"type":"binary-expr","locations":[{"start":{"line":112,"column":12},"end":{"line":112,"column":37}},{"start":{"line":112,"column":41},"end":{"line":112,"column":58}}],"line":112},"17":{"loc":{"start":{"line":123,"column":8},"end":{"line":125,"column":9}},"type":"if","locations":[{"start":{"line":123,"column":8},"end":{"line":125,"column":9}},{"start":{"line":123,"column":8},"end":{"line":125,"column":9}}],"line":123}},"s":{"0":3,"1":3,"2":3,"3":3,"4":3,"5":3,"6":38,"7":38,"8":38,"9":38,"10":38,"11":38,"12":38,"13":28,"14":38,"15":5,"16":5,"17":36,"18":1,"19":36,"20":4,"21":2,"22":4,"23":32,"24":22,"25":10,"26":10,"27":10,"28":4,"29":10,"30":3,"31":3,"32":7,"33":28,"34":11,"35":11,"36":1,"37":10,"38":7,"39":1,"40":6,"41":3,"42":3,"43":1,"44":2,"45":2,"46":2,"47":0,"48":2,"49":2,"50":2,"51":1,"52":10,"53":5,"54":5,"55":3,"56":3,"57":1,"58":3,"59":3,"60":2,"61":1,"62":1,"63":3},"f":{"0":38,"1":5,"2":5,"3":36,"4":4,"5":3,"6":28,"7":11,"8":11,"9":5,"10":3,"11":1},"b":{"0":[37,1],"1":[28,10],"2":[38,0],"3":[1,35],"4":[4,32],"5":[36,4],"6":[2,2],"7":[22,10],"8":[3,7],"9":[1,10],"10":[11,3],"11":[7,3],"12":[1,6],"13":[1,2],"14":[0,2],"15":[5,3],"16":[3,1],"17":[1,1]},"_coverageSchema":"332fd63041d2c1bcb487cc26dd0d5f7d97098a6c","hash":"31bee4822bb1297e48b1e391dab29e999817f4ef"}
,"/home/jani/dev/devops/winston-loki/src/proto/helpers.js": {"path":"/home/jani/dev/devops/winston-loki/src/proto/helpers.js","statementMap":{"0":{"start":{"line":1,"column":15},"end":{"line":1,"column":32}},"1":{"start":{"line":2,"column":0},"end":{"line":70,"column":1}},"2":{"start":{"line":4,"column":4},"end":{"line":15,"column":5}},"3":{"start":{"line":5,"column":6},"end":{"line":14,"column":8}},"4":{"start":{"line":6,"column":19},"end":{"line":6,"column":45}},"5":{"start":{"line":7,"column":8},"end":{"line":13,"column":9}},"6":{"start":{"line":16,"column":4},"end":{"line":16,"column":19}},"7":{"start":{"line":19,"column":19},"end":{"line":19,"column":20}},"8":{"start":{"line":20,"column":4},"end":{"line":67,"column":5}},"9":{"start":{"line":24,"column":17},"end":{"line":24,"column":59}},"10":{"start":{"line":27,"column":6},"end":{"line":53,"column":8}},"11":{"start":{"line":28,"column":8},"end":{"line":30,"column":9}},"12":{"start":{"line":29,"column":20},"end":{"line":29,"column":61}},"13":{"start":{"line":31,"column":8},"end":{"line":51,"column":10}},"14":{"start":{"line":32,"column":28},"end":{"line":36,"column":11}},"15":{"start":{"line":37,"column":10},"end":{"line":49,"column":11}},"16":{"start":{"line":38,"column":12},"end":{"line":38,"column":32}},"17":{"start":{"line":40,"column":12},"end":{"line":43,"column":13}},"18":{"start":{"line":44,"column":12},"end":{"line":48,"column":13}},"19":{"start":{"line":50,"column":10},"end":{"line":50,"column":22}},"20":{"start":{"line":52,"column":8},"end":{"line":52,"column":21}},"21":{"start":{"line":55,"column":6},"end":{"line":57,"column":7}},"22":{"start":{"line":56,"column":18},"end":{"line":56,"column":51}},"23":{"start":{"line":58,"column":6},"end":{"line":66,"column":8}},"24":{"start":{"line":59,"column":8},"end":{"line":64,"column":9}},"25":{"start":{"line":60,"column":10},"end":{"line":60,"column":41}},"26":{"start":{"line":62,"column":10},"end":{"line":62,"column":45}},"27":{"start":{"line":63,"column":10},"end":{"line":63,"column":41}},"28":{"start":{"line":65,"column":8},"end":{"line":65,"column":21}},"29":{"start":{"line":68,"column":4},"end":{"line":68,"column":16}}},"fnMap":{"0":{"name":"(anonymous_0)","decl":{"start":{"line":3,"column":25},"end":{"line":3,"column":26}},"loc":{"start":{"line":3,"column":37},"end":{"line":17,"column":3}},"line":3},"1":{"name":"(anonymous_1)","decl":{"start":{"line":5,"column":46},"end":{"line":5,"column":47}},"loc":{"start":{"line":5,"column":55},"end":{"line":14,"column":7}},"line":5},"2":{"name":"(anonymous_2)","decl":{"start":{"line":18,"column":13},"end":{"line":18,"column":14}},"loc":{"start":{"line":18,"column":22},"end":{"line":69,"column":3}},"line":18},"3":{"name":"(anonymous_3)","decl":{"start":{"line":24,"column":8},"end":{"line":24,"column":9}},"loc":{"start":{"line":24,"column":17},"end":{"line":24,"column":59}},"line":24},"4":{"name":"(anonymous_4)","decl":{"start":{"line":27,"column":40},"end":{"line":27,"column":41}},"loc":{"start":{"line":27,"column":50},"end":{"line":53,"column":7}},"line":27},"5":{"name":"(anonymous_5)","decl":{"start":{"line":29,"column":10},"end":{"line":29,"column":11}},"loc":{"start":{"line":29,"column":20},"end":{"line":29,"column":61}},"line":29},"6":{"name":"(anonymous_6)","decl":{"start":{"line":31,"column":44},"end":{"line":31,"column":45}},"loc":{"start":{"line":31,"column":53},"end":{"line":51,"column":9}},"line":31},"7":{"name":"(anonymous_7)","decl":{"start":{"line":56,"column":8},"end":{"line":56,"column":9}},"loc":{"start":{"line":56,"column":18},"end":{"line":56,"column":51}},"line":56},"8":{"name":"(anonymous_8)","decl":{"start":{"line":58,"column":40},"end":{"line":58,"column":41}},"loc":{"start":{"line":58,"column":50},"end":{"line":66,"column":7}},"line":58}},"branchMap":{"0":{"loc":{"start":{"line":4,"column":4},"end":{"line":15,"column":5}},"type":"if","locations":[{"start":{"line":4,"column":4},"end":{"line":15,"column":5}},{"start":{"line":4,"column":4},"end":{"line":15,"column":5}}],"line":4},"1":{"loc":{"start":{"line":4,"column":8},"end":{"line":4,"column":67}},"type":"binary-expr","locations":[{"start":{"line":4,"column":8},"end":{"line":4,"column":16}},{"start":{"line":4,"column":20},"end":{"line":4,"column":36}},{"start":{"line":4,"column":40},"end":{"line":4,"column":67}}],"line":4},"2":{"loc":{"start":{"line":20,"column":4},"end":{"line":67,"column":5}},"type":"if","locations":[{"start":{"line":20,"column":4},"end":{"line":67,"column":5}},{"start":{"line":20,"column":4},"end":{"line":67,"column":5}}],"line":20},"3":{"loc":{"start":{"line":21,"column":6},"end":{"line":25,"column":7}},"type":"binary-expr","locations":[{"start":{"line":21,"column":6},"end":{"line":21,"column":22}},{"start":{"line":22,"column":6},"end":{"line":22,"column":30}},{"start":{"line":23,"column":6},"end":{"line":25,"column":7}}],"line":21},"4":{"loc":{"start":{"line":24,"column":17},"end":{"line":24,"column":59}},"type":"binary-expr","locations":[{"start":{"line":24,"column":17},"end":{"line":24,"column":32}},{"start":{"line":24,"column":36},"end":{"line":24,"column":59}}],"line":24},"5":{"loc":{"start":{"line":37,"column":10},"end":{"line":49,"column":11}},"type":"if","locations":[{"start":{"line":37,"column":10},"end":{"line":49,"column":11}},{"start":{"line":37,"column":10},"end":{"line":49,"column":11}}],"line":37},"6":{"loc":{"start":{"line":37,"column":14},"end":{"line":37,"column":52}},"type":"binary-expr","locations":[{"start":{"line":37,"column":14},"end":{"line":37,"column":28}},{"start":{"line":37,"column":32},"end":{"line":37,"column":52}}],"line":37},"7":{"loc":{"start":{"line":59,"column":8},"end":{"line":64,"column":9}},"type":"if","locations":[{"start":{"line":59,"column":8},"end":{"line":64,"column":9}},{"start":{"line":59,"column":8},"end":{"line":64,"column":9}}],"line":59},"8":{"loc":{"start":{"line":59,"column":12},"end":{"line":59,"column":61}},"type":"binary-expr","locations":[{"start":{"line":59,"column":12},"end":{"line":59,"column":26}},{"start":{"line":59,"column":30},"end":{"line":59,"column":61}}],"line":59}},"s":{"0":3,"1":3,"2":14,"3":13,"4":13,"5":13,"6":14,"7":4,"8":4,"9":3,"10":2,"11":2,"12":1,"13":2,"14":3,"15":3,"16":2,"17":1,"18":1,"19":3,"20":2,"21":2,"22":1,"23":2,"24":3,"25":2,"26":1,"27":1,"28":2,"29":3},"f":{"0":14,"1":13,"2":4,"3":3,"4":2,"5":1,"6":3,"7":1,"8":3},"b":{"0":[13,1],"1":[14,13,13],"2":[2,2],"3":[4,3,3],"4":[3,2],"5":[2,1],"6":[3,1],"7":[2,1],"8":[3,1]},"_coverageSchema":"332fd63041d2c1bcb487cc26dd0d5f7d97098a6c","hash":"3a8224acd3358062bc0b5dbfe08f0ad3a14dc739"}
}
