{"/home/jani/dev/devops/winston-loki/index.js": {"path":"/home/jani/dev/devops/winston-loki/index.js","statementMap":{"0":{"start":{"line":1,"column":18},"end":{"line":1,"column":46}},"1":{"start":{"line":2,"column":16},"end":{"line":2,"column":40}},"2":{"start":{"line":4,"column":0},"end":{"line":38,"column":1}},"3":{"start":{"line":6,"column":4},"end":{"line":6,"column":18}},"4":{"start":{"line":7,"column":4},"end":{"line":12,"column":6}},"5":{"start":{"line":13,"column":4},"end":{"line":13,"column":42}},"6":{"start":{"line":17,"column":4},"end":{"line":19,"column":6}},"7":{"start":{"line":18,"column":6},"end":{"line":18,"column":31}},"8":{"start":{"line":21,"column":58},"end":{"line":21,"column":62}},"9":{"start":{"line":22,"column":21},"end":{"line":32,"column":5}},"10":{"start":{"line":34,"column":4},"end":{"line":34,"column":39}},"11":{"start":{"line":36,"column":4},"end":{"line":36,"column":14}}},"fnMap":{"0":{"name":"(anonymous_0)","decl":{"start":{"line":5,"column":2},"end":{"line":5,"column":3}},"loc":{"start":{"line":5,"column":24},"end":{"line":14,"column":3}},"line":5},"1":{"name":"(anonymous_1)","decl":{"start":{"line":16,"column":2},"end":{"line":16,"column":3}},"loc":{"start":{"line":16,"column":23},"end":{"line":37,"column":3}},"line":16},"2":{"name":"(anonymous_2)","decl":{"start":{"line":17,"column":17},"end":{"line":17,"column":18}},"loc":{"start":{"line":17,"column":23},"end":{"line":19,"column":5}},"line":17}},"branchMap":{"0":{"loc":{"start":{"line":13,"column":4},"end":{"line":13,"column":42}},"type":"binary-expr","locations":[{"start":{"line":13,"column":4},"end":{"line":13,"column":20}},{"start":{"line":13,"column":24},"end":{"line":13,"column":42}}],"line":13},"1":{"loc":{"start":{"line":28,"column":12},"end":{"line":28,"column":76}},"type":"cond-expr","locations":[{"start":{"line":28,"column":51},"end":{"line":28,"column":71}},{"start":{"line":28,"column":74},"end":{"line":28,"column":76}}],"line":28},"2":{"loc":{"start":{"line":28,"column":12},"end":{"line":28,"column":48}},"type":"binary-expr","locations":[{"start":{"line":28,"column":12},"end":{"line":28,"column":16}},{"start":{"line":28,"column":20},"end":{"line":28,"column":48}}],"line":28}},"s":{"0":1,"1":1,"2":1,"3":10,"4":10,"5":10,"6":7,"7":1,"8":7,"9":7,"10":7,"11":7},"f":{"0":10,"1":7,"2":1},"b":{"0":[10,0],"1":[1,6],"2":[7,7]},"_coverageSchema":"332fd63041d2c1bcb487cc26dd0d5f7d97098a6c","hash":"4e6a1e05483bfaaa6a9584593fa0e0ab3ce41ab1"}
,"/home/jani/dev/devops/winston-loki/src/batcher.js": {"path":"/home/jani/dev/devops/winston-loki/src/batcher.js","statementMap":{"0":{"start":{"line":1,"column":12},"end":{"line":1,"column":26}},"1":{"start":{"line":2,"column":12},"end":{"line":2,"column":26}},"2":{"start":{"line":3,"column":21},"end":{"line":3,"column":39}},"3":{"start":{"line":4,"column":15},"end":{"line":4,"column":32}},"4":{"start":{"line":5,"column":21},"end":{"line":5,"column":47}},"5":{"start":{"line":7,"column":0},"end":{"line":110,"column":1}},"6":{"start":{"line":9,"column":4},"end":{"line":9,"column":26}},"7":{"start":{"line":10,"column":4},"end":{"line":10,"column":75}},"8":{"start":{"line":11,"column":4},"end":{"line":13,"column":12}},"9":{"start":{"line":14,"column":4},"end":{"line":14,"column":39}},"10":{"start":{"line":15,"column":4},"end":{"line":17,"column":5}},"11":{"start":{"line":18,"column":4},"end":{"line":18,"column":47}},"12":{"start":{"line":19,"column":4},"end":{"line":21,"column":5}},"13":{"start":{"line":20,"column":6},"end":{"line":20,"column":43}},"14":{"start":{"line":25,"column":4},"end":{"line":27,"column":6}},"15":{"start":{"line":26,"column":6},"end":{"line":26,"column":35}},"16":{"start":{"line":31,"column":4},"end":{"line":46,"column":5}},"17":{"start":{"line":32,"column":6},"end":{"line":32,"column":39}},"18":{"start":{"line":34,"column":26},"end":{"line":34,"column":36}},"19":{"start":{"line":35,"column":6},"end":{"line":35,"column":61}},"20":{"start":{"line":36,"column":20},"end":{"line":38,"column":7}},"21":{"start":{"line":37,"column":18},"end":{"line":37,"column":51}},"22":{"start":{"line":39,"column":6},"end":{"line":45,"column":7}},"23":{"start":{"line":40,"column":8},"end":{"line":42,"column":10}},"24":{"start":{"line":41,"column":10},"end":{"line":41,"column":44}},"25":{"start":{"line":44,"column":8},"end":{"line":44,"column":30}},"26":{"start":{"line":47,"column":4},"end":{"line":52,"column":5}},"27":{"start":{"line":51,"column":6},"end":{"line":51,"column":28}},"28":{"start":{"line":56,"column":4},"end":{"line":56,"column":27}},"29":{"start":{"line":60,"column":4},"end":{"line":94,"column":6}},"30":{"start":{"line":61,"column":6},"end":{"line":93,"column":7}},"31":{"start":{"line":62,"column":8},"end":{"line":62,"column":17}},"32":{"start":{"line":65,"column":8},"end":{"line":78,"column":9}},"33":{"start":{"line":66,"column":10},"end":{"line":66,"column":46}},"34":{"start":{"line":68,"column":10},"end":{"line":77,"column":11}},"35":{"start":{"line":69,"column":26},"end":{"line":69,"column":60}},"36":{"start":{"line":70,"column":24},"end":{"line":70,"column":58}},"37":{"start":{"line":71,"column":12},"end":{"line":71,"column":32}},"38":{"start":{"line":71,"column":21},"end":{"line":71,"column":32}},"39":{"start":{"line":72,"column":28},"end":{"line":72,"column":62}},"40":{"start":{"line":73,"column":27},"end":{"line":73,"column":72}},"41":{"start":{"line":74,"column":12},"end":{"line":74,"column":49}},"42":{"start":{"line":76,"column":12},"end":{"line":76,"column":23}},"43":{"start":{"line":79,"column":8},"end":{"line":92,"column":12}},"44":{"start":{"line":87,"column":12},"end":{"line":87,"column":29}},"45":{"start":{"line":88,"column":12},"end":{"line":88,"column":21}},"46":{"start":{"line":91,"column":12},"end":{"line":91,"column":23}},"47":{"start":{"line":98,"column":4},"end":{"line":108,"column":5}},"48":{"start":{"line":99,"column":6},"end":{"line":106,"column":7}},"49":{"start":{"line":100,"column":8},"end":{"line":100,"column":36}},"50":{"start":{"line":101,"column":8},"end":{"line":103,"column":9}},"51":{"start":{"line":102,"column":10},"end":{"line":102,"column":62}},"52":{"start":{"line":105,"column":8},"end":{"line":105,"column":51}},"53":{"start":{"line":107,"column":6},"end":{"line":107,"column":36}}},"fnMap":{"0":{"name":"(anonymous_0)","decl":{"start":{"line":8,"column":2},"end":{"line":8,"column":3}},"loc":{"start":{"line":8,"column":24},"end":{"line":22,"column":3}},"line":8},"1":{"name":"(anonymous_1)","decl":{"start":{"line":24,"column":2},"end":{"line":24,"column":3}},"loc":{"start":{"line":24,"column":18},"end":{"line":28,"column":3}},"line":24},"2":{"name":"(anonymous_2)","decl":{"start":{"line":25,"column":23},"end":{"line":25,"column":24}},"loc":{"start":{"line":25,"column":34},"end":{"line":27,"column":5}},"line":25},"3":{"name":"(anonymous_3)","decl":{"start":{"line":30,"column":2},"end":{"line":30,"column":3}},"loc":{"start":{"line":30,"column":26},"end":{"line":53,"column":3}},"line":30},"4":{"name":"(anonymous_4)","decl":{"start":{"line":37,"column":8},"end":{"line":37,"column":9}},"loc":{"start":{"line":37,"column":18},"end":{"line":37,"column":51}},"line":37},"5":{"name":"(anonymous_5)","decl":{"start":{"line":40,"column":33},"end":{"line":40,"column":34}},"loc":{"start":{"line":40,"column":42},"end":{"line":42,"column":9}},"line":40},"6":{"name":"(anonymous_6)","decl":{"start":{"line":55,"column":2},"end":{"line":55,"column":3}},"loc":{"start":{"line":55,"column":16},"end":{"line":57,"column":3}},"line":55},"7":{"name":"(anonymous_7)","decl":{"start":{"line":59,"column":2},"end":{"line":59,"column":3}},"loc":{"start":{"line":59,"column":21},"end":{"line":95,"column":3}},"line":59},"8":{"name":"(anonymous_8)","decl":{"start":{"line":60,"column":23},"end":{"line":60,"column":24}},"loc":{"start":{"line":60,"column":44},"end":{"line":94,"column":5}},"line":60},"9":{"name":"(anonymous_9)","decl":{"start":{"line":86,"column":16},"end":{"line":86,"column":17}},"loc":{"start":{"line":86,"column":23},"end":{"line":89,"column":11}},"line":86},"10":{"name":"(anonymous_10)","decl":{"start":{"line":90,"column":17},"end":{"line":90,"column":18}},"loc":{"start":{"line":90,"column":24},"end":{"line":92,"column":11}},"line":90},"11":{"name":"(anonymous_11)","decl":{"start":{"line":97,"column":2},"end":{"line":97,"column":3}},"loc":{"start":{"line":97,"column":15},"end":{"line":109,"column":3}},"line":97}},"branchMap":{"0":{"loc":{"start":{"line":11,"column":20},"end":{"line":13,"column":12}},"type":"cond-expr","locations":[{"start":{"line":12,"column":8},"end":{"line":12,"column":44}},{"start":{"line":13,"column":8},"end":{"line":13,"column":12}}],"line":11},"1":{"loc":{"start":{"line":19,"column":4},"end":{"line":21,"column":5}},"type":"if","locations":[{"start":{"line":19,"column":4},"end":{"line":21,"column":5}},{"start":{"line":19,"column":4},"end":{"line":21,"column":5}}],"line":19},"2":{"loc":{"start":{"line":31,"column":4},"end":{"line":46,"column":5}},"type":"if","locations":[{"start":{"line":31,"column":4},"end":{"line":46,"column":5}},{"start":{"line":31,"column":4},"end":{"line":46,"column":5}}],"line":31},"3":{"loc":{"start":{"line":39,"column":6},"end":{"line":45,"column":7}},"type":"if","locations":[{"start":{"line":39,"column":6},"end":{"line":45,"column":7}},{"start":{"line":39,"column":6},"end":{"line":45,"column":7}}],"line":39},"4":{"loc":{"start":{"line":47,"column":4},"end":{"line":52,"column":5}},"type":"if","locations":[{"start":{"line":47,"column":4},"end":{"line":52,"column":5}},{"start":{"line":47,"column":4},"end":{"line":52,"column":5}}],"line":47},"5":{"loc":{"start":{"line":48,"column":6},"end":{"line":49,"column":37}},"type":"binary-expr","locations":[{"start":{"line":48,"column":6},"end":{"line":48,"column":41}},{"start":{"line":49,"column":6},"end":{"line":49,"column":37}}],"line":48},"6":{"loc":{"start":{"line":61,"column":6},"end":{"line":93,"column":7}},"type":"if","locations":[{"start":{"line":61,"column":6},"end":{"line":93,"column":7}},{"start":{"line":61,"column":6},"end":{"line":93,"column":7}}],"line":61},"7":{"loc":{"start":{"line":65,"column":8},"end":{"line":78,"column":9}},"type":"if","locations":[{"start":{"line":65,"column":8},"end":{"line":78,"column":9}},{"start":{"line":65,"column":8},"end":{"line":78,"column":9}}],"line":65},"8":{"loc":{"start":{"line":71,"column":12},"end":{"line":71,"column":32}},"type":"if","locations":[{"start":{"line":71,"column":12},"end":{"line":71,"column":32}},{"start":{"line":71,"column":12},"end":{"line":71,"column":32}}],"line":71},"9":{"loc":{"start":{"line":101,"column":8},"end":{"line":103,"column":9}},"type":"if","locations":[{"start":{"line":101,"column":8},"end":{"line":103,"column":9}},{"start":{"line":101,"column":8},"end":{"line":103,"column":9}}],"line":101}},"s":{"0":3,"1":3,"2":3,"3":3,"4":3,"5":3,"6":28,"7":28,"8":28,"9":28,"10":28,"11":28,"12":28,"13":22,"14":5,"15":5,"16":30,"17":20,"18":10,"19":10,"20":10,"21":4,"22":10,"23":3,"24":3,"25":7,"26":30,"27":1,"28":21,"29":8,"30":8,"31":1,"32":7,"33":5,"34":2,"35":2,"36":2,"37":2,"38":1,"39":2,"40":2,"41":1,"42":1,"43":7,"44":3,"45":3,"46":3,"47":1,"48":3,"49":3,"50":2,"51":1,"52":1,"53":3},"f":{"0":28,"1":5,"2":5,"3":30,"4":4,"5":3,"6":21,"7":8,"8":8,"9":3,"10":3,"11":1},"b":{"0":[27,1],"1":[22,6],"2":[20,10],"3":[3,7],"4":[1,29],"5":[30,1],"6":[1,7],"7":[5,2],"8":[1,1],"9":[1,1]},"_coverageSchema":"332fd63041d2c1bcb487cc26dd0d5f7d97098a6c","hash":"6de28f95de3b7987c37abf5f948dd6531407bae9"}
,"/home/jani/dev/devops/winston-loki/src/proto/helpers.js": {"path":"/home/jani/dev/devops/winston-loki/src/proto/helpers.js","statementMap":{"0":{"start":{"line":1,"column":15},"end":{"line":1,"column":32}},"1":{"start":{"line":2,"column":0},"end":{"line":39,"column":1}},"2":{"start":{"line":4,"column":4},"end":{"line":15,"column":5}},"3":{"start":{"line":5,"column":6},"end":{"line":14,"column":8}},"4":{"start":{"line":6,"column":19},"end":{"line":6,"column":45}},"5":{"start":{"line":7,"column":8},"end":{"line":13,"column":9}},"6":{"start":{"line":16,"column":4},"end":{"line":16,"column":19}},"7":{"start":{"line":19,"column":4},"end":{"line":36,"column":5}},"8":{"start":{"line":23,"column":17},"end":{"line":23,"column":59}},"9":{"start":{"line":26,"column":6},"end":{"line":31,"column":8}},"10":{"start":{"line":27,"column":8},"end":{"line":29,"column":9}},"11":{"start":{"line":28,"column":20},"end":{"line":28,"column":61}},"12":{"start":{"line":30,"column":8},"end":{"line":30,"column":21}},"13":{"start":{"line":33,"column":6},"end":{"line":35,"column":7}},"14":{"start":{"line":34,"column":18},"end":{"line":34,"column":51}},"15":{"start":{"line":37,"column":4},"end":{"line":37,"column":16}}},"fnMap":{"0":{"name":"(anonymous_0)","decl":{"start":{"line":3,"column":25},"end":{"line":3,"column":26}},"loc":{"start":{"line":3,"column":37},"end":{"line":17,"column":3}},"line":3},"1":{"name":"(anonymous_1)","decl":{"start":{"line":5,"column":46},"end":{"line":5,"column":47}},"loc":{"start":{"line":5,"column":55},"end":{"line":14,"column":7}},"line":5},"2":{"name":"(anonymous_2)","decl":{"start":{"line":18,"column":13},"end":{"line":18,"column":14}},"loc":{"start":{"line":18,"column":22},"end":{"line":38,"column":3}},"line":18},"3":{"name":"(anonymous_3)","decl":{"start":{"line":23,"column":8},"end":{"line":23,"column":9}},"loc":{"start":{"line":23,"column":17},"end":{"line":23,"column":59}},"line":23},"4":{"name":"(anonymous_4)","decl":{"start":{"line":26,"column":40},"end":{"line":26,"column":41}},"loc":{"start":{"line":26,"column":50},"end":{"line":31,"column":7}},"line":26},"5":{"name":"(anonymous_5)","decl":{"start":{"line":28,"column":10},"end":{"line":28,"column":11}},"loc":{"start":{"line":28,"column":20},"end":{"line":28,"column":61}},"line":28},"6":{"name":"(anonymous_6)","decl":{"start":{"line":34,"column":8},"end":{"line":34,"column":9}},"loc":{"start":{"line":34,"column":18},"end":{"line":34,"column":51}},"line":34}},"branchMap":{"0":{"loc":{"start":{"line":4,"column":4},"end":{"line":15,"column":5}},"type":"if","locations":[{"start":{"line":4,"column":4},"end":{"line":15,"column":5}},{"start":{"line":4,"column":4},"end":{"line":15,"column":5}}],"line":4},"1":{"loc":{"start":{"line":4,"column":8},"end":{"line":4,"column":67}},"type":"binary-expr","locations":[{"start":{"line":4,"column":8},"end":{"line":4,"column":16}},{"start":{"line":4,"column":20},"end":{"line":4,"column":36}},{"start":{"line":4,"column":40},"end":{"line":4,"column":67}}],"line":4},"2":{"loc":{"start":{"line":19,"column":4},"end":{"line":36,"column":5}},"type":"if","locations":[{"start":{"line":19,"column":4},"end":{"line":36,"column":5}},{"start":{"line":19,"column":4},"end":{"line":36,"column":5}}],"line":19},"3":{"loc":{"start":{"line":20,"column":6},"end":{"line":24,"column":7}},"type":"binary-expr","locations":[{"start":{"line":20,"column":6},"end":{"line":20,"column":22}},{"start":{"line":21,"column":6},"end":{"line":21,"column":30}},{"start":{"line":22,"column":6},"end":{"line":24,"column":7}}],"line":20},"4":{"loc":{"start":{"line":23,"column":17},"end":{"line":23,"column":59}},"type":"binary-expr","locations":[{"start":{"line":23,"column":17},"end":{"line":23,"column":32}},{"start":{"line":23,"column":36},"end":{"line":23,"column":59}}],"line":23}},"s":{"0":3,"1":3,"2":10,"3":9,"4":9,"5":9,"6":10,"7":4,"8":3,"9":2,"10":2,"11":1,"12":2,"13":2,"14":1,"15":4},"f":{"0":10,"1":9,"2":4,"3":3,"4":2,"5":1,"6":1},"b":{"0":[9,1],"1":[10,9,9],"2":[2,2],"3":[4,3,3],"4":[3,2]},"_coverageSchema":"332fd63041d2c1bcb487cc26dd0d5f7d97098a6c","hash":"58eca9e87bc65ae2dca31360757712e2a02d3bc3"}
}
