TN:
SF:/home/jani/dev/devops/winston-loki/index.js
FN:5,(anonymous_0)
FN:14,(anonymous_1)
FN:15,(anonymous_2)
FNF:3
FNH:2
FNDA:4,(anonymous_0)
FNDA:3,(anonymous_1)
FNDA:0,(anonymous_2)
DA:1,1
DA:2,1
DA:4,1
DA:6,4
DA:7,4
DA:11,4
DA:15,3
DA:16,0
DA:19,3
DA:20,3
DA:33,3
DA:35,3
LF:12
LH:11
BRDA:25,0,0,3
BRDA:25,0,1,3
BRDA:25,0,2,3
BRDA:25,0,3,0
BRF:4
BRH:3
end_of_record
TN:
SF:/home/jani/dev/devops/winston-loki/src/batcher.js
FN:4,(anonymous_0)
FN:14,(anonymous_1)
FN:15,(anonymous_2)
FN:19,(anonymous_3)
FN:22,(anonymous_4)
FN:25,(anonymous_5)
FN:26,(anonymous_6)
FN:37,(anonymous_7)
FN:41,(anonymous_8)
FN:47,(anonymous_9)
FNF:10
FNH:8
FNDA:5,(anonymous_0)
FNDA:7,(anonymous_1)
FNDA:7,(anonymous_2)
FNDA:10,(anonymous_3)
FNDA:5,(anonymous_4)
FNDA:6,(anonymous_5)
FNDA:6,(anonymous_6)
FNDA:0,(anonymous_7)
FNDA:0,(anonymous_8)
FNDA:5,(anonymous_9)
DA:1,2
DA:3,2
DA:5,5
DA:6,5
DA:9,5
DA:10,5
DA:15,7
DA:16,7
DA:20,10
DA:23,5
DA:26,6
DA:27,6
DA:28,5
DA:30,1
DA:38,0
DA:39,0
DA:42,0
DA:48,5
DA:49,6
DA:50,6
DA:51,5
DA:52,0
DA:55,1
DA:57,6
LF:24
LH:20
BRDA:6,0,0,5
BRDA:6,0,1,0
BRDA:27,1,0,5
BRDA:27,1,1,1
BRDA:51,2,0,0
BRDA:51,2,1,5
BRF:6
BRH:4
end_of_record
