TN:
SF:/home/jani/dev/devops/winston-loki/index.js
FN:5,(anonymous_0)
FN:18,(anonymous_1)
FN:19,(anonymous_2)
FNF:3
FNH:3
FNDA:8,(anonymous_0)
FNDA:7,(anonymous_1)
FNDA:1,(anonymous_2)
DA:1,1
DA:2,1
DA:4,1
DA:6,8
DA:7,8
DA:19,7
DA:20,1
DA:23,7
DA:24,7
DA:36,7
DA:38,7
LF:11
LH:11
BRDA:11,0,0,0
BRDA:11,0,1,8
BRDA:28,1,0,7
BRDA:28,1,1,0
BRDA:30,2,0,1
BRDA:30,2,1,6
BRDA:30,3,0,7
BRDA:30,3,1,7
BRF:8
BRH:6
end_of_record
TN:
SF:/home/jani/dev/devops/winston-loki/src/batcher.js
FN:8,(anonymous_0)
FN:25,(anonymous_1)
FN:26,(anonymous_2)
FN:31,(anonymous_3)
FN:53,(anonymous_4)
FN:57,(anonymous_5)
FN:67,(anonymous_6)
FN:71,(anonymous_7)
FN:75,(anonymous_8)
FN:110,(anonymous_9)
FN:114,(anonymous_10)
FN:122,(anonymous_11)
FNF:12
FNH:12
FNDA:38,(anonymous_0)
FNDA:13,(anonymous_1)
FNDA:13,(anonymous_2)
FNDA:36,(anonymous_3)
FNDA:4,(anonymous_4)
FNDA:3,(anonymous_5)
FNDA:28,(anonymous_6)
FNDA:19,(anonymous_7)
FNDA:19,(anonymous_8)
FNDA:5,(anonymous_9)
FNDA:3,(anonymous_10)
FNDA:9,(anonymous_11)
DA:1,3
DA:2,3
DA:3,3
DA:4,3
DA:5,3
DA:7,3
DA:9,38
DA:10,38
DA:11,38
DA:14,38
DA:15,38
DA:18,38
DA:19,38
DA:20,28
DA:22,38
DA:26,13
DA:27,13
DA:32,36
DA:33,1
DA:36,36
DA:40,4
DA:41,2
DA:43,4
DA:45,32
DA:46,22
DA:48,10
DA:50,10
DA:52,10
DA:53,4
DA:56,10
DA:57,3
DA:58,3
DA:61,7
DA:68,28
DA:73,19
DA:75,19
DA:76,19
DA:77,9
DA:80,10
DA:81,7
DA:82,1
DA:84,6
DA:87,3
DA:89,3
DA:90,1
DA:92,2
DA:94,2
DA:95,2
DA:96,2
DA:97,2
DA:98,2
DA:100,1
DA:103,10
DA:111,5
DA:112,5
DA:115,3
DA:116,3
DA:123,9
DA:124,11
DA:125,11
DA:126,10
DA:127,1
DA:130,1
DA:132,11
LF:64
LH:64
BRDA:11,0,0,37
BRDA:11,0,1,1
BRDA:19,1,0,28
BRDA:19,1,1,10
BRDA:22,2,0,38
BRDA:22,2,1,8
BRDA:32,3,0,1
BRDA:32,3,1,35
BRDA:36,4,0,4
BRDA:36,4,1,32
BRDA:37,5,0,36
BRDA:37,5,1,11
BRDA:40,6,0,2
BRDA:40,6,1,2
BRDA:45,7,0,22
BRDA:45,7,1,10
BRDA:56,8,0,3
BRDA:56,8,1,7
BRDA:73,9,0,19
BRDA:73,9,1,1
BRDA:76,10,0,9
BRDA:76,10,1,10
BRDA:76,11,0,19
BRDA:76,11,1,11
BRDA:80,12,0,7
BRDA:80,12,1,3
BRDA:81,13,0,1
BRDA:81,13,1,6
BRDA:89,14,0,1
BRDA:89,14,1,2
BRDA:95,15,0,0
BRDA:95,15,1,2
BRDA:111,16,0,5
BRDA:111,16,1,3
BRDA:115,17,0,3
BRDA:115,17,1,1
BRDA:126,18,0,1
BRDA:126,18,1,9
BRF:38
BRH:37
end_of_record
TN:
SF:/home/jani/dev/devops/winston-loki/src/proto/helpers.js
FN:4,(anonymous_0)
FN:6,(anonymous_1)
FN:19,(anonymous_2)
FN:26,(anonymous_3)
FN:34,(anonymous_4)
FN:36,(anonymous_5)
FN:47,(anonymous_6)
FN:53,(anonymous_7)
FN:79,(anonymous_8)
FN:82,(anonymous_9)
FNF:10
FNH:9
FNDA:14,(anonymous_0)
FNDA:13,(anonymous_1)
FNDA:4,(anonymous_2)
FNDA:3,(anonymous_3)
FNDA:2,(anonymous_4)
FNDA:0,(anonymous_5)
FNDA:1,(anonymous_6)
FNDA:3,(anonymous_7)
FNDA:1,(anonymous_8)
FNDA:3,(anonymous_9)
DA:1,3
DA:3,3
DA:5,14
DA:6,13
DA:7,13
DA:8,13
DA:17,14
DA:22,4
DA:26,3
DA:29,2
DA:34,2
DA:35,2
DA:36,0
DA:37,0
DA:38,0
DA:42,0
DA:46,2
DA:48,1
DA:53,2
DA:54,3
DA:56,3
DA:57,1
DA:58,0
DA:59,0
DA:61,1
DA:63,2
DA:64,0
DA:65,0
DA:68,3
DA:70,3
DA:73,2
DA:76,2
DA:78,2
DA:79,1
DA:82,2
DA:83,3
DA:84,2
DA:86,1
DA:87,1
DA:89,2
DA:92,3
LF:41
LH:33
BRDA:5,0,0,13
BRDA:5,0,1,1
BRDA:5,1,0,14
BRDA:5,1,1,13
BRDA:5,1,2,13
BRDA:22,2,0,2
BRDA:22,2,1,2
BRDA:23,3,0,4
BRDA:23,3,1,3
BRDA:23,3,2,3
BRDA:26,4,0,3
BRDA:26,4,1,2
BRDA:35,5,0,0
BRDA:35,5,1,2
BRDA:48,6,0,1
BRDA:48,6,1,1
BRDA:56,7,0,1
BRDA:56,7,1,2
BRDA:56,8,0,3
BRDA:56,8,1,1
BRDA:57,9,0,0
BRDA:57,9,1,1
BRDA:63,10,0,0
BRDA:63,10,1,2
BRDA:63,11,0,2
BRDA:63,11,1,0
BRDA:83,12,0,2
BRDA:83,12,1,1
BRDA:83,13,0,3
BRDA:83,13,1,1
BRF:30
BRH:26
end_of_record
