{"/home/jani/dev/devops/winston-loki/index.js": {"path":"/home/jani/dev/devops/winston-loki/index.js","statementMap":{"0":{"start":{"line":1,"column":18},"end":{"line":1,"column":46}},"1":{"start":{"line":2,"column":16},"end":{"line":2,"column":40}},"2":{"start":{"line":4,"column":0},"end":{"line":37,"column":1}},"3":{"start":{"line":6,"column":4},"end":{"line":6,"column":18}},"4":{"start":{"line":7,"column":4},"end":{"line":10,"column":6}},"5":{"start":{"line":11,"column":4},"end":{"line":11,"column":22}},"6":{"start":{"line":15,"column":4},"end":{"line":17,"column":6}},"7":{"start":{"line":16,"column":6},"end":{"line":16,"column":31}},"8":{"start":{"line":19,"column":58},"end":{"line":19,"column":62}},"9":{"start":{"line":20,"column":21},"end":{"line":31,"column":5}},"10":{"start":{"line":33,"column":4},"end":{"line":33,"column":39}},"11":{"start":{"line":35,"column":4},"end":{"line":35,"column":14}}},"fnMap":{"0":{"name":"(anonymous_0)","decl":{"start":{"line":5,"column":2},"end":{"line":5,"column":3}},"loc":{"start":{"line":5,"column":24},"end":{"line":12,"column":3}},"line":5},"1":{"name":"(anonymous_1)","decl":{"start":{"line":14,"column":2},"end":{"line":14,"column":3}},"loc":{"start":{"line":14,"column":23},"end":{"line":36,"column":3}},"line":14},"2":{"name":"(anonymous_2)","decl":{"start":{"line":15,"column":17},"end":{"line":15,"column":18}},"loc":{"start":{"line":15,"column":23},"end":{"line":17,"column":5}},"line":15}},"branchMap":{"0":{"loc":{"start":{"line":25,"column":30},"end":{"line":28,"column":14}},"type":"binary-expr","locations":[{"start":{"line":25,"column":31},"end":{"line":25,"column":35}},{"start":{"line":26,"column":12},"end":{"line":26,"column":29}},{"start":{"line":27,"column":12},"end":{"line":27,"column":32}},{"start":{"line":28,"column":12},"end":{"line":28,"column":14}}],"line":25}},"s":{"0":1,"1":1,"2":1,"3":4,"4":4,"5":4,"6":3,"7":0,"8":3,"9":3,"10":3,"11":3},"f":{"0":4,"1":3,"2":0},"b":{"0":[3,3,3,0]},"_coverageSchema":"332fd63041d2c1bcb487cc26dd0d5f7d97098a6c","hash":"e84f26bf530fd530362bd107be94c8fbebb266da"}
,"/home/jani/dev/devops/winston-loki/src/batcher.js": {"path":"/home/jani/dev/devops/winston-loki/src/batcher.js","statementMap":{"0":{"start":{"line":1,"column":12},"end":{"line":1,"column":26}},"1":{"start":{"line":3,"column":0},"end":{"line":60,"column":1}},"2":{"start":{"line":5,"column":4},"end":{"line":5,"column":26}},"3":{"start":{"line":6,"column":4},"end":{"line":8,"column":12}},"4":{"start":{"line":9,"column":4},"end":{"line":9,"column":39}},"5":{"start":{"line":10,"column":4},"end":{"line":12,"column":5}},"6":{"start":{"line":15,"column":4},"end":{"line":17,"column":6}},"7":{"start":{"line":16,"column":6},"end":{"line":16,"column":35}},"8":{"start":{"line":20,"column":4},"end":{"line":20,"column":37}},"9":{"start":{"line":23,"column":4},"end":{"line":23,"column":27}},"10":{"start":{"line":26,"column":4},"end":{"line":45,"column":6}},"11":{"start":{"line":27,"column":6},"end":{"line":44,"column":7}},"12":{"start":{"line":28,"column":8},"end":{"line":28,"column":17}},"13":{"start":{"line":30,"column":8},"end":{"line":43,"column":12}},"14":{"start":{"line":38,"column":12},"end":{"line":38,"column":29}},"15":{"start":{"line":39,"column":12},"end":{"line":39,"column":21}},"16":{"start":{"line":42,"column":12},"end":{"line":42,"column":23}},"17":{"start":{"line":48,"column":4},"end":{"line":58,"column":5}},"18":{"start":{"line":49,"column":6},"end":{"line":56,"column":7}},"19":{"start":{"line":50,"column":8},"end":{"line":50,"column":36}},"20":{"start":{"line":51,"column":8},"end":{"line":53,"column":9}},"21":{"start":{"line":52,"column":10},"end":{"line":52,"column":62}},"22":{"start":{"line":55,"column":8},"end":{"line":55,"column":51}},"23":{"start":{"line":57,"column":6},"end":{"line":57,"column":36}}},"fnMap":{"0":{"name":"(anonymous_0)","decl":{"start":{"line":4,"column":2},"end":{"line":4,"column":3}},"loc":{"start":{"line":4,"column":24},"end":{"line":13,"column":3}},"line":4},"1":{"name":"(anonymous_1)","decl":{"start":{"line":14,"column":2},"end":{"line":14,"column":3}},"loc":{"start":{"line":14,"column":18},"end":{"line":18,"column":3}},"line":14},"2":{"name":"(anonymous_2)","decl":{"start":{"line":15,"column":23},"end":{"line":15,"column":24}},"loc":{"start":{"line":15,"column":34},"end":{"line":17,"column":5}},"line":15},"3":{"name":"(anonymous_3)","decl":{"start":{"line":19,"column":2},"end":{"line":19,"column":3}},"loc":{"start":{"line":19,"column":26},"end":{"line":21,"column":3}},"line":19},"4":{"name":"(anonymous_4)","decl":{"start":{"line":22,"column":2},"end":{"line":22,"column":3}},"loc":{"start":{"line":22,"column":16},"end":{"line":24,"column":3}},"line":22},"5":{"name":"(anonymous_5)","decl":{"start":{"line":25,"column":2},"end":{"line":25,"column":3}},"loc":{"start":{"line":25,"column":21},"end":{"line":46,"column":3}},"line":25},"6":{"name":"(anonymous_6)","decl":{"start":{"line":26,"column":23},"end":{"line":26,"column":24}},"loc":{"start":{"line":26,"column":44},"end":{"line":45,"column":5}},"line":26},"7":{"name":"(anonymous_7)","decl":{"start":{"line":37,"column":16},"end":{"line":37,"column":17}},"loc":{"start":{"line":37,"column":23},"end":{"line":40,"column":11}},"line":37},"8":{"name":"(anonymous_8)","decl":{"start":{"line":41,"column":17},"end":{"line":41,"column":18}},"loc":{"start":{"line":41,"column":24},"end":{"line":43,"column":11}},"line":41},"9":{"name":"(anonymous_9)","decl":{"start":{"line":47,"column":2},"end":{"line":47,"column":3}},"loc":{"start":{"line":47,"column":15},"end":{"line":59,"column":3}},"line":47}},"branchMap":{"0":{"loc":{"start":{"line":6,"column":20},"end":{"line":8,"column":12}},"type":"cond-expr","locations":[{"start":{"line":7,"column":8},"end":{"line":7,"column":44}},{"start":{"line":8,"column":8},"end":{"line":8,"column":12}}],"line":6},"1":{"loc":{"start":{"line":27,"column":6},"end":{"line":44,"column":7}},"type":"if","locations":[{"start":{"line":27,"column":6},"end":{"line":44,"column":7}},{"start":{"line":27,"column":6},"end":{"line":44,"column":7}}],"line":27},"2":{"loc":{"start":{"line":51,"column":8},"end":{"line":53,"column":9}},"type":"if","locations":[{"start":{"line":51,"column":8},"end":{"line":53,"column":9}},{"start":{"line":51,"column":8},"end":{"line":53,"column":9}}],"line":51}},"s":{"0":2,"1":2,"2":5,"3":5,"4":5,"5":5,"6":7,"7":7,"8":10,"9":5,"10":6,"11":6,"12":5,"13":1,"14":0,"15":0,"16":0,"17":5,"18":6,"19":6,"20":5,"21":0,"22":1,"23":6},"f":{"0":5,"1":7,"2":7,"3":10,"4":5,"5":6,"6":6,"7":0,"8":0,"9":5},"b":{"0":[5,0],"1":[5,1],"2":[0,5]},"_coverageSchema":"332fd63041d2c1bcb487cc26dd0d5f7d97098a6c","hash":"a5426c5dc80562029ede9f1698d88e76f05b1637"}
}
